<html>
<body>
<pre>
<h1>µVision Build Log</h1>
<h2>Project:</h2>
C:\Users\Owner\Documents\ECE 453\Local_MCU\Dist\ece353_base_project-krachey-surface.uvproj
Project File Date:  03/14/2015

<h2>Output:</h2>
Build target 'base_project'
assembling Startup.s...
compiling main.c...
main.c(68): warning:  #550-D: variable "delay" was set but never used
compiling events.c...
compiling uart.c...
uart.c(12): warning:  #550-D: variable "delay" was set but never used
assembling output_grb.s...
linking...
ece353_base_project.axf: Warning: L6305W: Image does not have an entry point. (Not specified or not set due to multiple choices.)
Program Size: Code=1884 RO-data=32 RW-data=304 ZI-data=256  
"ece353_base_project.axf" - 0 Error(s), 3 Warning(s).
Build target 'base_project'
assembling Startup.s...
compiling main.c...
main.c(68): warning:  #550-D: variable "delay" was set but never used
compiling events.c...
compiling uart.c...
uart.c(12): warning:  #550-D: variable "delay" was set but never used
assembling output_grb.s...
linking...
ece353_base_project.axf: Warning: L6305W: Image does not have an entry point. (Not specified or not set due to multiple choices.)
Program Size: Code=1884 RO-data=32 RW-data=304 ZI-data=256  
"ece353_base_project.axf" - 0 Error(s), 3 Warning(s).
Build target 'base_project'
assembling Startup.s...
compiling main.c...
main.c(68): warning:  #550-D: variable "delay" was set but never used
compiling events.c...
compiling uart.c...
uart.c(12): warning:  #550-D: variable "delay" was set but never used
assembling output_grb.s...
linking...
ece353_base_project.axf: Warning: L6305W: Image does not have an entry point. (Not specified or not set due to multiple choices.)
Program Size: Code=1884 RO-data=32 RW-data=304 ZI-data=256  
"ece353_base_project.axf" - 0 Error(s), 3 Warning(s).
Build target 'base_project'
assembling Startup.s...
compiling main.c...
main.c(77): error:  #20: identifier "GpioPartA" is undefined
main.c(68): warning:  #550-D: variable "delay" was set but never used
compiling events.c...
compiling uart.c...
uart.c(12): warning:  #550-D: variable "delay" was set but never used
assembling output_grb.s...
compiling i2c.c...
Target not created
Build target 'base_project'
assembling Startup.s...
compiling main.c...
main.c(68): warning:  #550-D: variable "delay" was set but never used
compiling events.c...
compiling uart.c...
uart.c(12): warning:  #550-D: variable "delay" was set but never used
assembling output_grb.s...
compiling i2c.c...
linking...
ece353_base_project.axf: Error: L6218E: Undefined symbol UART3IntHandler (referred from startup.o).
Target not created
Build target 'base_project'
assembling Startup.s...
compiling main.c...
main.c(68): warning:  #550-D: variable "delay" was set but never used
compiling events.c...
compiling uart.c...
uart.c(12): warning:  #550-D: variable "delay" was set but never used
assembling output_grb.s...
compiling i2c.c...
linking...
ece353_base_project.axf: Error: L6218E: Undefined symbol UART3IntHandler (referred from startup.o).
Target not created
Build target 'base_project'
assembling Startup.s...
Startup.s(77): error: A1158E: Illegal line start, should be blank
compiling main.c...
main.c(68): warning:  #550-D: variable "delay" was set but never used
compiling events.c...
compiling uart.c...
uart.c(12): warning:  #550-D: variable "delay" was set but never used
assembling output_grb.s...
compiling i2c.c...
Target not created
Build target 'base_project'
assembling Startup.s...
Startup.s(161): error: A1516E: Bad symbol 'UART3IntHandler', not defined or external
compiling main.c...
main.c(68): warning:  #550-D: variable "delay" was set but never used
compiling events.c...
compiling uart.c...
uart.c(12): warning:  #550-D: variable "delay" was set but never used
assembling output_grb.s...
compiling i2c.c...
Target not created
Build target 'base_project'
assembling Startup.s...
compiling main.c...
main.c(68): warning:  #550-D: variable "delay" was set but never used
compiling events.c...
compiling uart.c...
uart.c(12): warning:  #550-D: variable "delay" was set but never used
assembling output_grb.s...
compiling i2c.c...
linking...
ece353_base_project.axf: Error: L6218E: Undefined symbol UART3IntHandler (referred from startup.o).
Target not created
Build target 'base_project'
assembling Startup.s...
compiling main.c...
main.c(68): warning:  #550-D: variable "delay" was set but never used
compiling events.c...
compiling uart.c...
uart.c(12): warning:  #550-D: variable "delay" was set but never used
assembling output_grb.s...
compiling i2c.c...
linking...
ece353_base_project.axf: Warning: L6305W: Image does not have an entry point. (Not specified or not set due to multiple choices.)
Program Size: Code=1904 RO-data=32 RW-data=304 ZI-data=256  
"ece353_base_project.axf" - 0 Error(s), 3 Warning(s).
Build target 'base_project'
assembling Startup.s...
compiling main.c...
main.c(68): warning:  #550-D: variable "delay" was set but never used
compiling events.c...
compiling uart.c...
uart.c(12): warning:  #550-D: variable "delay" was set but never used
assembling output_grb.s...
compiling i2c.c...
i2c.h(38): warning:  #1-D: last line of file ends without a newline
i2c.h(1): error:  #37: the #endif for this directive is missing
Target not created
Build target 'base_project'
assembling Startup.s...
compiling main.c...
main.c(68): warning:  #550-D: variable "delay" was set but never used
compiling events.c...
compiling uart.c...
uart.c(12): warning:  #550-D: variable "delay" was set but never used
assembling output_grb.s...
compiling i2c.c...
i2c.h(40): warning:  #1-D: last line of file ends without a newline
linking...
ece353_base_project.axf: Warning: L6305W: Image does not have an entry point. (Not specified or not set due to multiple choices.)
Program Size: Code=1904 RO-data=32 RW-data=304 ZI-data=256  
"ece353_base_project.axf" - 0 Error(s), 4 Warning(s).
Build target 'base_project'
assembling Startup.s...
compiling main.c...
main.c(68): warning:  #550-D: variable "delay" was set but never used
compiling events.c...
compiling uart.c...
uart.c(12): warning:  #550-D: variable "delay" was set but never used
assembling output_grb.s...
compiling i2c.c...
i2c.h(37): warning:  #1-D: last line of file ends without a newline
linking...
ece353_base_project.axf: Warning: L6305W: Image does not have an entry point. (Not specified or not set due to multiple choices.)
Program Size: Code=1904 RO-data=32 RW-data=304 ZI-data=256  
"ece353_base_project.axf" - 0 Error(s), 4 Warning(s).
Build target 'base_project'
assembling Startup.s...
compiling main.c...
i2c.h(37): warning:  #1-D: last line of file ends without a newline
main.c(69): warning:  #550-D: variable "delay" was set but never used
compiling events.c...
compiling uart.c...
uart.c(12): warning:  #550-D: variable "delay" was set but never used
assembling output_grb.s...
compiling i2c.c...
i2c.h(37): warning:  #1-D: last line of file ends without a newline
i2c.c(36): warning:  #1-D: last line of file ends without a newline
i2c.c(36): warning:  #940-D: missing return statement at end of non-void function "InitializeI2C"
i2c.c(12): warning:  #177-D: variable "delay" was declared but never referenced
i2c.c(13): warning:  #177-D: variable "myPeriph" was declared but never referenced
linking...
ece353_base_project.axf: Warning: L6305W: Image does not have an entry point. (Not specified or not set due to multiple choices.)
Program Size: Code=1904 RO-data=32 RW-data=304 ZI-data=256  
"ece353_base_project.axf" - 0 Error(s), 9 Warning(s).
Build target 'base_project'
assembling Startup.s...
compiling main.c...
i2c.h(37): warning:  #1-D: last line of file ends without a newline
main.c(69): warning:  #550-D: variable "delay" was set but never used
compiling events.c...
compiling uart.c...
uart.c(12): warning:  #550-D: variable "delay" was set but never used
assembling output_grb.s...
compiling i2c.c...
i2c.h(37): warning:  #1-D: last line of file ends without a newline
i2c.c(53): warning:  #1-D: last line of file ends without a newline
i2c.c(53): warning:  #940-D: missing return statement at end of non-void function "InitializeI2C"
i2c.c(12): warning:  #550-D: variable "delay" was set but never used
linking...
ece353_base_project.axf: Warning: L6305W: Image does not have an entry point. (Not specified or not set due to multiple choices.)
Program Size: Code=1904 RO-data=32 RW-data=304 ZI-data=256  
"ece353_base_project.axf" - 0 Error(s), 8 Warning(s).
Build target 'base_project'
assembling Startup.s...
compiling main.c...
i2c.h(37): warning:  #1-D: last line of file ends without a newline
main.c(69): warning:  #550-D: variable "delay" was set but never used
compiling events.c...
compiling uart.c...
uart.c(12): warning:  #550-D: variable "delay" was set but never used
assembling output_grb.s...
compiling i2c.c...
i2c.h(37): warning:  #1-D: last line of file ends without a newline
i2c.c(53): warning:  #1-D: last line of file ends without a newline
i2c.c(53): warning:  #940-D: missing return statement at end of non-void function "InitializeI2C"
i2c.c(12): warning:  #550-D: variable "delay" was set but never used
linking...
ece353_base_project.axf: Warning: L6305W: Image does not have an entry point. (Not specified or not set due to multiple choices.)
Program Size: Code=1904 RO-data=32 RW-data=304 ZI-data=256  
"ece353_base_project.axf" - 0 Error(s), 8 Warning(s).
Build target 'base_project'
assembling Startup.s...
compiling main.c...
i2c.h(37): warning:  #1-D: last line of file ends without a newline
main.c(69): warning:  #550-D: variable "delay" was set but never used
compiling events.c...
compiling uart.c...
uart.c(12): warning:  #550-D: variable "delay" was set but never used
assembling output_grb.s...
compiling i2c.c...
i2c.h(37): warning:  #1-D: last line of file ends without a newline
i2c.c(51): warning:  #1-D: last line of file ends without a newline
i2c.c(12): warning:  #550-D: variable "delay" was set but never used
linking...
ece353_base_project.axf: Warning: L6305W: Image does not have an entry point. (Not specified or not set due to multiple choices.)
Program Size: Code=1904 RO-data=32 RW-data=304 ZI-data=256  
"ece353_base_project.axf" - 0 Error(s), 7 Warning(s).
Build target 'base_project'
assembling Startup.s...
compiling main.c...
i2c.h(37): warning:  #1-D: last line of file ends without a newline
main.c(69): warning:  #550-D: variable "delay" was set but never used
compiling events.c...
compiling uart.c...
uart.c(12): warning:  #550-D: variable "delay" was set but never used
assembling output_grb.s...
compiling i2c.c...
i2c.h(37): warning:  #1-D: last line of file ends without a newline
i2c.c(12): warning:  #550-D: variable "delay" was set but never used
linking...
ece353_base_project.axf: Warning: L6305W: Image does not have an entry point. (Not specified or not set due to multiple choices.)
Program Size: Code=1904 RO-data=32 RW-data=304 ZI-data=256  
"ece353_base_project.axf" - 0 Error(s), 6 Warning(s).
Build target 'base_project'
assembling Startup.s...
compiling main.c...
i2c.h(38): warning:  #1-D: last line of file ends without a newline
main.c(69): warning:  #550-D: variable "delay" was set but never used
compiling events.c...
compiling uart.c...
uart.c(12): warning:  #550-D: variable "delay" was set but never used
assembling output_grb.s...
compiling i2c.c...
i2c.h(38): warning:  #1-D: last line of file ends without a newline
i2c.c(12): warning:  #550-D: variable "delay" was set but never used
linking...
ece353_base_project.axf: Warning: L6305W: Image does not have an entry point. (Not specified or not set due to multiple choices.)
Program Size: Code=1904 RO-data=32 RW-data=304 ZI-data=256  
"ece353_base_project.axf" - 0 Error(s), 6 Warning(s).
Build target 'base_project'
assembling Startup.s...
compiling main.c...
i2c.h(38): warning:  #1-D: last line of file ends without a newline
main.c(69): warning:  #550-D: variable "delay" was set but never used
compiling events.c...
compiling uart.c...
uart.c(12): warning:  #550-D: variable "delay" was set but never used
assembling output_grb.s...
compiling i2c.c...
i2c.h(38): warning:  #1-D: last line of file ends without a newline
i2c.c(12): warning:  #550-D: variable "delay" was set but never used
linking...
ece353_base_project.axf: Warning: L6305W: Image does not have an entry point. (Not specified or not set due to multiple choices.)
Program Size: Code=2060 RO-data=32 RW-data=304 ZI-data=256  
"ece353_base_project.axf" - 0 Error(s), 6 Warning(s).
Build target 'base_project'
assembling Startup.s...
compiling main.c...
i2c.h(41): warning:  #1-D: last line of file ends without a newline
main.c(69): warning:  #550-D: variable "delay" was set but never used
compiling events.c...
compiling uart.c...
uart.c(12): warning:  #550-D: variable "delay" was set but never used
assembling output_grb.s...
compiling i2c.c...
i2c.h(41): warning:  #1-D: last line of file ends without a newline
i2c.c(12): warning:  #550-D: variable "delay" was set but never used
linking...
ece353_base_project.axf: Warning: L6305W: Image does not have an entry point. (Not specified or not set due to multiple choices.)
Program Size: Code=2060 RO-data=32 RW-data=304 ZI-data=256  
"ece353_base_project.axf" - 0 Error(s), 6 Warning(s).
Build target 'base_project'
assembling Startup.s...
compiling main.c...
i2c.h(41): warning:  #1-D: last line of file ends without a newline
main.c(69): warning:  #550-D: variable "delay" was set but never used
compiling events.c...
compiling uart.c...
uart.c(12): warning:  #550-D: variable "delay" was set but never used
assembling output_grb.s...
compiling i2c.c...
i2c.h(41): warning:  #1-D: last line of file ends without a newline
i2c.c(12): warning:  #550-D: variable "delay" was set but never used
linking...
ece353_base_project.axf: Warning: L6305W: Image does not have an entry point. (Not specified or not set due to multiple choices.)
Program Size: Code=2452 RO-data=32 RW-data=304 ZI-data=256  
"ece353_base_project.axf" - 0 Error(s), 6 Warning(s).
Build target 'base_project'
assembling Startup.s...
compiling main.c...
i2c.h(41): warning:  #1-D: last line of file ends without a newline
main.c(69): warning:  #550-D: variable "delay" was set but never used
compiling events.c...
compiling uart.c...
uart.c(12): warning:  #550-D: variable "delay" was set but never used
assembling output_grb.s...
compiling i2c.c...
i2c.h(41): warning:  #1-D: last line of file ends without a newline
i2c.c(12): warning:  #550-D: variable "delay" was set but never used
linking...
ece353_base_project.axf: Warning: L6305W: Image does not have an entry point. (Not specified or not set due to multiple choices.)
Program Size: Code=2452 RO-data=32 RW-data=304 ZI-data=256  
"ece353_base_project.axf" - 0 Error(s), 6 Warning(s).
Build target 'base_project'
assembling Startup.s...
compiling main.c...
i2c.h(41): warning:  #1-D: last line of file ends without a newline
main.c(41): error:  #40: expected an identifier
main.c(72): warning:  #550-D: variable "delay" was set but never used
compiling events.c...
compiling uart.c...
uart.c(12): warning:  #550-D: variable "delay" was set but never used
assembling output_grb.s...
compiling i2c.c...
i2c.h(41): warning:  #1-D: last line of file ends without a newline
i2c.c(12): warning:  #550-D: variable "delay" was set but never used
Target not created
Build target 'base_project'
assembling Startup.s...
compiling main.c...
i2c.h(41): warning:  #1-D: last line of file ends without a newline
main.c(72): warning:  #550-D: variable "delay" was set but never used
compiling events.c...
compiling uart.c...
uart.c(12): warning:  #550-D: variable "delay" was set but never used
assembling output_grb.s...
compiling i2c.c...
i2c.h(41): warning:  #1-D: last line of file ends without a newline
i2c.c(12): warning:  #550-D: variable "delay" was set but never used
linking...
ece353_base_project.axf: Warning: L6305W: Image does not have an entry point. (Not specified or not set due to multiple choices.)
Program Size: Code=2452 RO-data=32 RW-data=312 ZI-data=256  
"ece353_base_project.axf" - 0 Error(s), 6 Warning(s).
Build target 'base_project'
assembling Startup.s...
compiling main.c...
i2c.h(41): warning:  #1-D: last line of file ends without a newline
main.c(72): warning:  #550-D: variable "delay" was set but never used
compiling events.c...
compiling uart.c...
uart.c(12): warning:  #550-D: variable "delay" was set but never used
assembling output_grb.s...
compiling i2c.c...
i2c.h(41): warning:  #1-D: last line of file ends without a newline
i2c.c(12): warning:  #550-D: variable "delay" was set but never used
linking...
ece353_base_project.axf: Warning: L6305W: Image does not have an entry point. (Not specified or not set due to multiple choices.)
Program Size: Code=2452 RO-data=32 RW-data=312 ZI-data=256  
"ece353_base_project.axf" - 0 Error(s), 6 Warning(s).
Build target 'base_project'
assembling Startup.s...
compiling main.c...
i2c.h(41): warning:  #1-D: last line of file ends without a newline
main.c(72): warning:  #550-D: variable "delay" was set but never used
compiling events.c...
events.c(7): error:  #20: identifier "GPIO_PORT" is undefined
events.c(8): error:  #20: identifier "GPIO_PORT" is undefined
events.c(9): error:  #20: identifier "GPIO_PORT" is undefined
events.c(10): error:  #20: identifier "GPIO_PORT" is undefined
events.c(11): error:  #20: identifier "GPIO_PORT" is undefined
events.c(12): error:  #20: identifier "GPIO_PORT" is undefined
events.c(13): error:  #20: identifier "UART_PERIPH" is undefined
events.c(14): error:  #20: identifier "I2C_PERIPH" is undefined
compiling uart.c...
uart.c(12): warning:  #550-D: variable "delay" was set but never used
assembling output_grb.s...
compiling i2c.c...
i2c.h(41): warning:  #1-D: last line of file ends without a newline
i2c.c(12): warning:  #550-D: variable "delay" was set but never used
Target not created
Build target 'base_project'
assembling Startup.s...
compiling main.c...
i2c.h(41): warning:  #1-D: last line of file ends without a newline
main.c(72): warning:  #550-D: variable "delay" was set but never used
compiling events.c...
i2c.h(41): warning:  #1-D: last line of file ends without a newline
compiling uart.c...
uart.c(12): warning:  #550-D: variable "delay" was set but never used
assembling output_grb.s...
compiling i2c.c...
i2c.h(41): warning:  #1-D: last line of file ends without a newline
i2c.c(12): warning:  #550-D: variable "delay" was set but never used
linking...
ece353_base_project.axf: Warning: L6305W: Image does not have an entry point. (Not specified or not set due to multiple choices.)
Program Size: Code=2452 RO-data=32 RW-data=312 ZI-data=256  
"ece353_base_project.axf" - 0 Error(s), 7 Warning(s).
Build target 'base_project'
assembling Startup.s...
compiling main.c...
i2c.h(41): warning:  #1-D: last line of file ends without a newline
main.c(72): warning:  #550-D: variable "delay" was set but never used
compiling events.c...
i2c.h(41): warning:  #1-D: last line of file ends without a newline
compiling uart.c...
uart.c(12): warning:  #550-D: variable "delay" was set but never used
assembling output_grb.s...
compiling i2c.c...
i2c.h(41): warning:  #1-D: last line of file ends without a newline
i2c.c(12): warning:  #550-D: variable "delay" was set but never used
linking...
ece353_base_project.axf: Warning: L6305W: Image does not have an entry point. (Not specified or not set due to multiple choices.)
Program Size: Code=2452 RO-data=32 RW-data=312 ZI-data=256  
"ece353_base_project.axf" - 0 Error(s), 7 Warning(s).
Build target 'base_project'
assembling Startup.s...
compiling main.c...
i2c.h(41): warning:  #1-D: last line of file ends without a newline
main.c(77): warning:  #550-D: variable "delay" was set but never used
compiling events.c...
i2c.h(41): warning:  #1-D: last line of file ends without a newline
compiling uart.c...
uart.c(12): warning:  #550-D: variable "delay" was set but never used
assembling output_grb.s...
compiling i2c.c...
i2c.h(41): warning:  #1-D: last line of file ends without a newline
i2c.c(12): warning:  #550-D: variable "delay" was set but never used
linking...
ece353_base_project.axf: Warning: L6305W: Image does not have an entry point. (Not specified or not set due to multiple choices.)
Program Size: Code=2468 RO-data=32 RW-data=312 ZI-data=464  
"ece353_base_project.axf" - 0 Error(s), 7 Warning(s).
Build target 'base_project'
assembling Startup.s...
compiling main.c...
i2c.h(41): warning:  #1-D: last line of file ends without a newline
main.c(77): warning:  #550-D: variable "delay" was set but never used
compiling events.c...
i2c.h(41): warning:  #1-D: last line of file ends without a newline
compiling uart.c...
uart.c(12): warning:  #550-D: variable "delay" was set but never used
assembling output_grb.s...
compiling i2c.c...
i2c.h(41): warning:  #1-D: last line of file ends without a newline
i2c.c(12): warning:  #550-D: variable "delay" was set but never used
linking...
ece353_base_project.axf: Warning: L6305W: Image does not have an entry point. (Not specified or not set due to multiple choices.)
Program Size: Code=2444 RO-data=32 RW-data=312 ZI-data=464  
"ece353_base_project.axf" - 0 Error(s), 7 Warning(s).
Build target 'base_project'
assembling Startup.s...
compiling main.c...
i2c.h(41): warning:  #1-D: last line of file ends without a newline
main.c(77): warning:  #550-D: variable "delay" was set but never used
compiling events.c...
i2c.h(41): warning:  #1-D: last line of file ends without a newline
compiling uart.c...
uart.c(12): warning:  #550-D: variable "delay" was set but never used
assembling output_grb.s...
compiling i2c.c...
i2c.h(41): warning:  #1-D: last line of file ends without a newline
i2c.c(12): warning:  #550-D: variable "delay" was set but never used
linking...
ece353_base_project.axf: Warning: L6305W: Image does not have an entry point. (Not specified or not set due to multiple choices.)
Program Size: Code=2444 RO-data=32 RW-data=312 ZI-data=464  
"ece353_base_project.axf" - 0 Error(s), 7 Warning(s).
